[2022-08-30T20:28:50.364] [WARN] warnArchive - Estado: 404, Ruta consultada: /api/formProductos.js, Metodo GET
[2022-08-30T20:28:50.371] [WARN] warnArchive - Estado: 404, Ruta consultada: /socket.io/socket.io.js, Metodo GET
[2022-08-30T20:31:59.070] [WARN] warnArchive - Estado: 404, Ruta consultada: /api/formProductos.js, Metodo GET
[2022-08-30T20:32:05.001] [WARN] warnArchive - Estado: 404, Ruta consultada: /api/formProductos.js, Metodo GET
[2022-08-30T20:32:10.742] [WARN] warnArchive - Estado: 404, Ruta consultada: /api/formProductos.js, Metodo GET
[2022-08-30T20:32:12.410] [WARN] warnArchive - Estado: 404, Ruta consultada: /api/formProductos.js, Metodo GET
[2022-08-30T20:32:14.353] [WARN] warnArchive - Estado: 404, Ruta consultada: /api/formProductos.js, Metodo GET
[2022-08-30T20:32:48.150] [WARN] warnArchive - Estado: 404, Ruta consultada: /avatar/public/avatar/1661719606018-givi%20trekker%20dolomiti%2036%20lts.jpg, Metodo GET
[2022-08-30T20:32:52.970] [WARN] warnArchive - Estado: 404, Ruta consultada: /avatar/public/avatar/1661719606018-givi%20trekker%20dolomiti%2036%20lts.jpg, Metodo GET
[2022-09-24T09:41:27.477] [WARN] warnArchive - Estado: 404, Ruta consultada: /socket.io/?EIO=4&transport=polling&t=ODlX4--, Metodo GET
[2022-09-24T09:41:29.770] [WARN] warnArchive - Estado: 404, Ruta consultada: /socket.io/?EIO=4&transport=polling&t=ODlX5z9, Metodo GET
[2022-09-28T18:31:59.715] [WARN] warnArchive - Estado: 404, Ruta consultada: /favicon.ico, Metodo GET
[2022-09-28T18:32:00.402] [WARN] warnArchive - Estado: 404, Ruta consultada: /favicon.ico, Metodo GET
[2022-09-28T18:32:02.898] [WARN] warnArchive - Estado: 404, Ruta consultada: /favicon.ico, Metodo GET
[2022-09-28T18:32:03.777] [WARN] warnArchive - Estado: 404, Ruta consultada: /favicon.ico, Metodo GET
[2022-09-28T18:32:05.184] [WARN] warnArchive - Estado: 404, Ruta consultada: /api/undefined, Metodo GET
[2022-09-28T18:32:05.389] [WARN] warnArchive - Estado: 404, Ruta consultada: /favicon.ico, Metodo GET
[2022-09-28T18:32:06.835] [WARN] warnArchive - Estado: 404, Ruta consultada: /api/undefined, Metodo GET
[2022-09-28T18:32:06.944] [WARN] warnArchive - Estado: 404, Ruta consultada: /favicon.ico, Metodo GET
[2022-09-28T18:32:07.514] [WARN] warnArchive - Estado: 404, Ruta consultada: /favicon.ico, Metodo GET
[2022-09-28T18:32:08.849] [WARN] warnArchive - Estado: 404, Ruta consultada: /favicon.ico, Metodo GET
[2022-09-28T18:32:24.737] [WARN] warnArchive - Estado: 404, Ruta consultada: /favicon.ico, Metodo GET
[2022-09-28T18:32:27.506] [WARN] warnArchive - Estado: 404, Ruta consultada: /api/undefined, Metodo GET
[2022-09-28T18:32:27.623] [WARN] warnArchive - Estado: 404, Ruta consultada: /favicon.ico, Metodo GET
[2022-09-28T18:32:29.820] [WARN] warnArchive - Estado: 404, Ruta consultada: /api/undefined, Metodo GET
[2022-09-28T18:32:29.930] [WARN] warnArchive - Estado: 404, Ruta consultada: /favicon.ico, Metodo GET
[2022-09-28T18:32:34.667] [WARN] warnArchive - Estado: 404, Ruta consultada: /favicon.ico, Metodo GET
[2022-09-28T18:32:35.493] [WARN] warnArchive - Estado: 404, Ruta consultada: /favicon.ico, Metodo GET
[2022-09-28T18:32:36.079] [WARN] warnArchive - Estado: 404, Ruta consultada: /api/undefined, Metodo GET
[2022-09-28T18:32:36.194] [WARN] warnArchive - Estado: 404, Ruta consultada: /favicon.ico, Metodo GET
[2022-09-28T18:32:36.857] [WARN] warnArchive - Estado: 404, Ruta consultada: /favicon.ico, Metodo GET
[2022-09-28T18:32:38.609] [WARN] warnArchive - Estado: 404, Ruta consultada: /favicon.ico, Metodo GET
[2022-09-28T18:32:39.771] [WARN] warnArchive - Estado: 404, Ruta consultada: /api/undefined, Metodo GET
[2022-09-28T18:32:39.878] [WARN] warnArchive - Estado: 404, Ruta consultada: /favicon.ico, Metodo GET
[2022-09-28T18:32:41.902] [WARN] warnArchive - Estado: 404, Ruta consultada: /favicon.ico, Metodo GET
[2022-09-28T18:32:42.613] [WARN] warnArchive - Estado: 404, Ruta consultada: /favicon.ico, Metodo GET
[2022-09-28T18:32:43.279] [WARN] warnArchive - Estado: 404, Ruta consultada: /api/undefined, Metodo GET
[2022-09-28T18:32:43.429] [WARN] warnArchive - Estado: 404, Ruta consultada: /favicon.ico, Metodo GET
[2022-09-28T18:32:44.384] [WARN] warnArchive - Estado: 404, Ruta consultada: /api/undefined, Metodo GET
[2022-09-28T18:32:44.499] [WARN] warnArchive - Estado: 404, Ruta consultada: /favicon.ico, Metodo GET
[2022-09-28T18:32:45.168] [WARN] warnArchive - Estado: 404, Ruta consultada: /api/undefined, Metodo GET
[2022-09-28T18:32:45.277] [WARN] warnArchive - Estado: 404, Ruta consultada: /favicon.ico, Metodo GET
[2022-09-28T18:32:45.866] [WARN] warnArchive - Estado: 404, Ruta consultada: /favicon.ico, Metodo GET
[2022-09-28T18:32:47.149] [WARN] warnArchive - Estado: 404, Ruta consultada: /favicon.ico, Metodo GET
[2022-09-28T18:32:49.069] [WARN] warnArchive - Estado: 404, Ruta consultada: /favicon.ico, Metodo GET
[2022-09-28T18:33:23.015] [WARN] warnArchive - Estado: 404, Ruta consultada: /favicon.ico, Metodo GET
[2022-09-28T18:33:24.251] [WARN] warnArchive - Estado: 404, Ruta consultada: /favicon.ico, Metodo GET
[2022-09-28T18:33:25.901] [WARN] warnArchive - Estado: 404, Ruta consultada: /favicon.ico, Metodo GET
[2022-09-28T18:33:26.649] [WARN] warnArchive - Estado: 404, Ruta consultada: /api/undefined, Metodo GET
[2022-09-28T18:33:26.769] [WARN] warnArchive - Estado: 404, Ruta consultada: /favicon.ico, Metodo GET
[2022-09-28T18:33:28.636] [WARN] warnArchive - Estado: 404, Ruta consultada: /favicon.ico, Metodo GET
[2022-09-28T18:33:29.634] [WARN] warnArchive - Estado: 404, Ruta consultada: /favicon.ico, Metodo GET
[2023-04-02T14:10:11.968] [WARN] warnArchive - Estado: 404, Ruta consultada: /favicon.ico, Metodo GET
[2023-04-02T14:10:12.650] [WARN] warnArchive - Estado: 404, Ruta consultada: /favicon.ico, Metodo GET
[2023-04-02T19:40:00.747] [WARN] warnArchive - Estado: 404, Ruta consultada: /favicon.ico, Metodo GET
[2023-04-02T19:40:16.841] [WARN] warnArchive - Estado: 404, Ruta consultada: /favicon.ico, Metodo GET
[2023-04-02T19:58:25.433] [WARN] warnArchive - Estado: 404, Ruta consultada: /Css/style.css, Metodo GET
[2023-04-02T19:58:26.593] [WARN] warnArchive - Estado: 404, Ruta consultada: /Css/style.css, Metodo GET
[2023-04-02T19:59:13.028] [WARN] warnArchive - Estado: 404, Ruta consultada: /Css/style.css, Metodo GET
[2023-04-02T20:01:10.530] [WARN] warnArchive - Estado: 404, Ruta consultada: /Css/style.css, Metodo GET
[2023-04-02T20:01:13.180] [WARN] warnArchive - Estado: 404, Ruta consultada: /Css/style.css, Metodo GET
[2023-04-02T20:01:30.914] [WARN] warnArchive - Estado: 404, Ruta consultada: /Css/style.css, Metodo GET
[2023-04-02T20:02:48.031] [WARN] warnArchive - Estado: 404, Ruta consultada: /Css/style.css, Metodo GET
[2023-04-02T20:04:12.240] [WARN] warnArchive - Estado: 404, Ruta consultada: /Css/style.css, Metodo GET
[2023-04-02T20:04:14.429] [WARN] warnArchive - Estado: 404, Ruta consultada: /Css/style.css, Metodo GET
[2023-04-02T20:04:18.642] [WARN] warnArchive - Estado: 404, Ruta consultada: /favicon.ico, Metodo GET
[2023-04-02T20:04:19.237] [WARN] warnArchive - Estado: 404, Ruta consultada: /Css/style.css, Metodo GET
[2023-04-02T20:04:56.885] [WARN] warnArchive - Estado: 404, Ruta consultada: /Css/style.css, Metodo GET
[2023-04-02T20:05:48.809] [WARN] warnArchive - Estado: 404, Ruta consultada: /Css/style.css, Metodo GET
[2023-04-02T20:06:06.526] [WARN] warnArchive - Estado: 404, Ruta consultada: /Css/style.css, Metodo GET
[2023-04-02T20:06:35.687] [WARN] warnArchive - Estado: 404, Ruta consultada: /Css/style.css, Metodo GET
[2023-04-02T20:06:48.004] [WARN] warnArchive - Estado: 404, Ruta consultada: /Css/style.css, Metodo GET
[2023-04-02T20:07:27.751] [WARN] warnArchive - Estado: 404, Ruta consultada: /Css/style.css, Metodo GET
[2023-04-02T20:07:45.348] [WARN] warnArchive - Estado: 404, Ruta consultada: /Css/style.css, Metodo GET
[2023-04-02T20:07:54.685] [WARN] warnArchive - Estado: 404, Ruta consultada: /Css/style.css, Metodo GET
[2023-04-02T20:09:10.411] [WARN] warnArchive - Estado: 404, Ruta consultada: /Css/style.css, Metodo GET
[2023-04-02T20:09:19.721] [WARN] warnArchive - Estado: 404, Ruta consultada: /Css/style.css, Metodo GET
[2023-04-02T20:10:40.336] [WARN] warnArchive - Estado: 404, Ruta consultada: /Css/style.css, Metodo GET
[2023-04-02T20:11:17.329] [WARN] warnArchive - Estado: 404, Ruta consultada: /Css/style.css, Metodo GET
[2023-04-02T20:11:27.992] [WARN] warnArchive - Estado: 404, Ruta consultada: /Css/style.css, Metodo GET
[2023-04-02T20:12:00.063] [WARN] warnArchive - Estado: 404, Ruta consultada: /Css/style.css, Metodo GET
[2023-04-02T20:13:23.748] [WARN] warnArchive - Estado: 404, Ruta consultada: /Css/style.css, Metodo GET
[2023-04-02T20:13:34.663] [WARN] warnArchive - Estado: 404, Ruta consultada: /Css/style.css, Metodo GET
[2023-04-02T20:13:54.081] [WARN] warnArchive - Estado: 404, Ruta consultada: /Css/style.css, Metodo GET
[2023-04-02T20:14:06.910] [WARN] warnArchive - Estado: 404, Ruta consultada: /Css/style.css, Metodo GET
[2023-04-02T20:14:20.989] [WARN] warnArchive - Estado: 404, Ruta consultada: /Css/style.css, Metodo GET
[2023-04-02T20:14:42.176] [WARN] warnArchive - Estado: 404, Ruta consultada: /Css/style.css, Metodo GET
[2023-04-02T20:14:48.181] [WARN] warnArchive - Estado: 404, Ruta consultada: /Css/style.css, Metodo GET
[2023-04-02T20:14:58.892] [WARN] warnArchive - Estado: 404, Ruta consultada: /Css/style.css, Metodo GET
[2023-04-02T20:15:22.086] [WARN] warnArchive - Estado: 404, Ruta consultada: /Css/style.css, Metodo GET
[2023-04-02T20:15:28.027] [WARN] warnArchive - Estado: 404, Ruta consultada: /Css/style.css, Metodo GET
[2023-04-02T20:15:33.772] [WARN] warnArchive - Estado: 404, Ruta consultada: /Css/style.css, Metodo GET
[2023-04-02T20:17:12.549] [WARN] warnArchive - Estado: 404, Ruta consultada: /Css/style.css, Metodo GET
[2023-04-02T20:19:40.316] [WARN] warnArchive - Estado: 404, Ruta consultada: /Css/style.css, Metodo GET
[2023-04-02T20:19:43.200] [WARN] warnArchive - Estado: 404, Ruta consultada: /Css/style.css, Metodo GET
[2023-04-02T20:19:45.736] [WARN] warnArchive - Estado: 404, Ruta consultada: /Css/style.css, Metodo GET
[2023-04-02T20:19:47.973] [WARN] warnArchive - Estado: 404, Ruta consultada: /Css/style.css, Metodo GET
[2023-04-02T20:19:49.482] [WARN] warnArchive - Estado: 404, Ruta consultada: /Css/style.css, Metodo GET
[2023-04-02T20:19:50.830] [WARN] warnArchive - Estado: 404, Ruta consultada: /Css/style.css, Metodo GET
[2023-04-02T20:19:55.708] [WARN] warnArchive - Estado: 404, Ruta consultada: /Css/style.css, Metodo GET
[2023-04-02T20:43:59.054] [WARN] warnArchive - Estado: 404, Ruta consultada: /Css/style.css, Metodo GET
[2023-04-02T20:44:34.589] [WARN] warnArchive - Estado: 404, Ruta consultada: /Css/style.css, Metodo GET
[2023-04-02T20:45:07.726] [WARN] warnArchive - Estado: 404, Ruta consultada: /Css/style.css, Metodo GET
[2023-04-02T20:45:08.820] [WARN] warnArchive - Estado: 404, Ruta consultada: /Css/style.css, Metodo GET
[2023-04-02T20:45:11.250] [WARN] warnArchive - Estado: 404, Ruta consultada: /Css/style.css, Metodo GET
[2023-04-02T20:45:14.335] [WARN] warnArchive - Estado: 404, Ruta consultada: /Css/style.css, Metodo GET
[2023-04-02T20:45:44.427] [WARN] warnArchive - Estado: 404, Ruta consultada: /Css/style.css, Metodo GET
[2023-04-02T20:47:08.316] [WARN] warnArchive - Estado: 404, Ruta consultada: /Css/style.css, Metodo GET
[2023-04-02T20:47:22.022] [WARN] warnArchive - Estado: 404, Ruta consultada: /Css/style.css, Metodo GET
[2023-04-02T20:50:58.702] [WARN] warnArchive - Estado: 404, Ruta consultada: /Css/style.css, Metodo GET
[2023-04-02T20:52:02.404] [WARN] warnArchive - Estado: 404, Ruta consultada: /Css/style.css, Metodo GET
[2023-04-02T20:52:35.853] [WARN] warnArchive - Estado: 404, Ruta consultada: /Css/style.css, Metodo GET
[2023-04-02T20:53:02.623] [WARN] warnArchive - Estado: 404, Ruta consultada: /Css/style.css, Metodo GET
[2023-04-02T20:53:15.611] [WARN] warnArchive - Estado: 404, Ruta consultada: /Css/style.css, Metodo GET
[2023-04-02T20:53:32.017] [WARN] warnArchive - Estado: 404, Ruta consultada: /Css/style.css, Metodo GET
[2023-04-02T20:58:15.121] [WARN] warnArchive - Estado: 404, Ruta consultada: /Css/style.css, Metodo GET
[2023-04-02T20:58:25.664] [WARN] warnArchive - Estado: 404, Ruta consultada: /Css/style.css, Metodo GET
[2023-04-02T20:58:51.446] [WARN] warnArchive - Estado: 404, Ruta consultada: /Css/style.css, Metodo GET
[2023-04-02T20:59:01.928] [WARN] warnArchive - Estado: 404, Ruta consultada: /Css/style.css, Metodo GET
[2023-04-02T20:59:42.122] [WARN] warnArchive - Estado: 404, Ruta consultada: /Css/style.css, Metodo GET
[2023-04-02T20:59:54.964] [WARN] warnArchive - Estado: 404, Ruta consultada: /Css/style.css, Metodo GET
[2023-04-02T21:00:08.527] [WARN] warnArchive - Estado: 404, Ruta consultada: /Css/style.css, Metodo GET
[2023-04-02T21:00:40.444] [WARN] warnArchive - Estado: 404, Ruta consultada: /Css/style.css, Metodo GET
[2023-04-02T21:01:19.450] [WARN] warnArchive - Estado: 404, Ruta consultada: /Css/style.css, Metodo GET
[2023-04-02T21:02:16.969] [WARN] warnArchive - Estado: 404, Ruta consultada: /Css/style.css, Metodo GET
[2023-04-02T21:05:24.563] [WARN] warnArchive - Estado: 404, Ruta consultada: /Css/style.css, Metodo GET
[2023-04-02T21:05:24.874] [WARN] warnArchive - Estado: 404, Ruta consultada: /favicon.ico, Metodo GET
[2023-04-02T21:06:10.532] [WARN] warnArchive - Estado: 404, Ruta consultada: /Css/style.css, Metodo GET
